[www.saasable.io/pricing.html]
[www.saasable.io/_next/static/media/008a0bbb2efe123f-s.p.ttf]
[www.saasable.io/_next/static/media/1a4aa50920b5315c-s.p.woff2]
[www.saasable.io/_next/static/media/42cbe77eee9e7152-s.p.ttf]
[www.saasable.io/_next/static/media/47cbc4e2adbc5db9-s.p.woff2]
[www.saasable.io/_next/static/media/4c9affa5bc8f420e-s.p.woff2]
[www.saasable.io/_next/static/media/5da72c075d9b7c17-s.p.woff2]
[www.saasable.io/_next/static/media/636a5ac981f94f8b-s.p.woff2]
[www.saasable.io/_next/static/media/7cba1811e3c25a15-s.p.woff2]
[www.saasable.io/_next/static/media/867bce6efedfde96-s.p.ttf]
[www.saasable.io/_next/static/media/8a1d8947e5852e30-s.p.woff2]
[www.saasable.io/_next/static/media/9c18eba18d4baf22-s.p.woff2]
[www.saasable.io/_next/static/media/a22b1dc24103c00d-s.p.woff2]
[www.saasable.io/_next/static/media/c44738e2d67c7de3-s.p.ttf]
[www.saasable.io/_next/static/media/de42cfb9a3b980ae-s.p.woff2]
[www.saasable.io/_next/static/media/e4af272ccee01ff0-s.p.woff2]
[www.saasable.io/_next/static/css/e6398bd1cc74b2e2.css]
[www.saasable.io/_next/static/css/c1547c68a956d61f.css]
[www.saasable.io/_next/static/chunks/webpack-16551acde8908d40.js]
[www.saasable.io/_next/static/chunks/4bd1b696-70766e75de8d31b9.js]
[www.saasable.io/_next/static/chunks/15964-a0ea886497b18c93.js]
[www.saasable.io/_next/static/chunks/main-app-f00727fb2f1bc223.js]
[www.saasable.io/_next/static/chunks/16324-a94567587fd7952a.js]
[www.saasable.io/_next/static/chunks/34660-9c1fd8c77c80d59a.js]
[www.saasable.io/_next/static/chunks/20236-5501768d7fdb7a41.js]
[www.saasable.io/_next/static/chunks/6874-414075bb21e16c80.js]
[www.saasable.io/_next/static/chunks/44852-bd8e2d0990c1433f.js]
[www.saasable.io/_next/static/chunks/94474-056649eb2dbdc1f6.js]
[www.saasable.io/_next/static/chunks/73428-f1af69680731cbbe.js]
[www.saasable.io/_next/static/chunks/50123-94bcc24d54b7687e.js]
[www.saasable.io/_next/static/chunks/app/layout-d8ef72cbaadbc607.js]
[www.saasable.io/_next/static/chunks/41101-53b62a7182603404.js]
[www.saasable.io/_next/static/chunks/7642-9a49495a36f9bdd7.js]
[www.saasable.io/_next/static/chunks/91540-6b3fd75a5ed787c4.js]
[www.saasable.io/_next/static/chunks/74800-a6f0de9b42154560.js]
[www.saasable.io/_next/static/chunks/738-9331b1a801fd7117.js]
[www.saasable.io/_next/static/chunks/18324-53dbb9d54f72b9a6.js]
[www.saasable.io/_next/static/chunks/44381-fdbf5d6e82fdcf40.js]
[www.saasable.io/_next/static/chunks/54975-44f6b0360ffb989c.js]
[www.saasable.io/_next/static/chunks/32314-2a0ab5f8f008945b.js]
[www.saasable.io/_next/static/chunks/app/error-fe81df3d48c9e19d.js]
[www.saasable.io/_next/static/chunks/app/not-found-db4025eee17b0178.js]
[www.saasable.io/_next/static/chunks/46572-6a840e9f1002918b.js]
[www.saasable.io/_next/static/chunks/72110-aa0128a9259bd201.js]
[www.saasable.io/_next/static/chunks/28431-7773fa5c99c051a3.js]
[www.saasable.io/_next/static/chunks/9049-7d39897d9ec93643.js]
[www.saasable.io/_next/static/chunks/63457-865cf83ab6b84685.js]
[www.saasable.io/_next/static/chunks/65528-a6355fda945f9c68.js]
[www.saasable.io/_next/static/chunks/79404-6ebb8515c9974b23.js]
[www.saasable.io/_next/static/chunks/83729-6c3ce9643961d7ab.js]
[www.saasable.io/_next/static/chunks/83736-908be4be74dbfba3.js]
[www.saasable.io/_next/static/chunks/3-e820dcf5dabc6995.js]
[www.saasable.io/_next/static/chunks/90249-c46836f7c1de2240.js]
[www.saasable.io/_next/static/chunks/72034-582ab247c3e5e08b.js]
[www.saasable.io/_next/static/chunks/23464-2e0897fe4d3aafbc.js]
[www.saasable.io/_next/static/chunks/39352-eea344581acaded6.js]
[www.saasable.io/_next/static/chunks/28601-e002fda8cbfded91.js]
[www.saasable.io/_next/static/chunks/64231-7207ac7b67d9ed99.js]
[www.saasable.io/_next/static/chunks/7495-acde7dc70790d2d4.js]
[www.saasable.io/_next/static/chunks/app/(landings)/(default)/pricing/page-39464a27167e32ab.js]
[www.saasable.io/_next/static/chunks/17617-85a91ecd51cdfd84.js]
[www.saasable.io/_next/static/chunks/53637-04f632676358f34b.js]
[www.saasable.io/_next/static/chunks/19995-74fb1983295639c0.js]
[www.saasable.io/_next/static/chunks/99777-bb82b502b9a3ee29.js]
[www.saasable.io/_next/static/chunks/17393-4fcc975e6a22b3fe.js]
[www.saasable.io/_next/static/chunks/91013-72f026444fad8190.js]
[www.saasable.io/_next/static/chunks/5697-7f67ef626f331e9e.js]
[www.saasable.io/_next/static/chunks/app/(landings)/(default)/layout-483ec898cb87e8c1.js]
[www.saasable.io/_next/static/chunks/31996-12795f2d973f7640.js]
[www.saasable.io/_next/static/chunks/21-d1c06581fc7e0600.js]
[www.saasable.io/_next/static/chunks/71934-95d697a02e2222f5.js]
[www.saasable.io/_next/static/chunks/98435-de3953facd58d343.js]
[www.saasable.io/_next/static/chunks/59768-f27c816abb71fa3f.js]
[www.saasable.io/_next/static/chunks/41659-051f4a3dc14c1b8f.js]
[www.saasable.io/_next/static/chunks/30987-ad15a3479cc9b1aa.js]
[www.saasable.io/_next/static/chunks/49619-af3983b3bfcf40f9.js]
[www.saasable.io/_next/static/chunks/20355-3d3e1fcbe9d81960.js]
[www.saasable.io/_next/static/chunks/app/(landings)/(default)/page-72e7848be76ecdd5.js]
[www.saasable.io/_next/static/chunks/87905-a220ba314c6819a8.js]
[www.saasable.io/_next/static/chunks/app/loading-a75be1499521f360.js]
[backblue.gif]
[fade.gif]
[index.html]
[www.saasable.io/favicon.ico]
[www.saasable.io/index.html]
[www.saasable.io/pricing.html]
[www.saasable.io/_next/static/chunks/polyfills-42372ed130431b0a.js]
[www.saasable.io/_next/static/media/ajax-loader.0b80f665.gif]
[www.saasable.io/_next/static/media/slick.25572f22.eot]
[www.saasable.io/_next/static/media/slick.25572f22d41d.eot]
[www.saasable.io/_next/static/media/slick.653a4cbb.woff]
[www.saasable.io/_next/static/media/slick.6aa1ee46.ttf]
[www.saasable.io/_next/static/media/slick.f895cfdf.svg]
[www.saasable.io/_next/static/media/layers.ef6db872.png]
[www.saasable.io/_next/static/media/layers-2x.9859cd12.png]
[www.saasable.io/_next/static/media/marker-icon.d577052a.png]
[www.saasable.io/_next/static/css/e6398bd1cc74b2e2.css]
[www.saasable.io/_next/static/media/74c003a2abab0c4f-s.woff2]
[www.saasable.io/_next/static/media/24c15609eaa28576-s.woff2]
[www.saasable.io/_next/static/media/84602850c8fd81c3-s.woff2]
[www.saasable.io/_next/static/media/90da053edc2b7de3-s.woff2]
[www.saasable.io/_next/static/media/ac3b7908202f8517-s.woff2]
[www.saasable.io/_next/static/media/627d916fd739a539-s.woff2]
[www.saasable.io/_next/static/media/b5ee789b512e4d1b-s.woff2]
[www.saasable.io/_next/static/media/2c07349e02a7b712-s.woff2]
[www.saasable.io/_next/static/media/0da54fcd0470ea43-s.woff2]
[www.saasable.io/_next/static/media/680a7121f7a85e3f-s.woff2]
[www.saasable.io/_next/static/media/975fcf8cf23b60ff-s.woff2]
[www.saasable.io/_next/static/media/59ebc713498d2e0e-s.woff2]
[www.saasable.io/_next/static/media/489114eba47da7a4-s.woff2]
[www.saasable.io/_next/static/media/44da3d752ead09b7-s.woff2]
[www.saasable.io/_next/static/media/b06b356f834173cc-s.woff2]
[www.saasable.io/_next/static/media/23d669af23d19c95-s.woff2]
[www.saasable.io/_next/static/media/d9fef5bf2f64cf9a-s.woff2]
[www.saasable.io/_next/static/media/e1aab0933260df4d-s.woff2]
[www.saasable.io/_next/static/media/b7387a63dd068245-s.woff2]
[www.saasable.io/_next/static/media/8c0f877bd1202585-s.woff2]
[www.saasable.io/_next/static/media/6fe53d21e6e7ebd8-s.woff2]
[www.saasable.io/_next/static/media/8ebc6e9dde468c4a-s.woff2]
[www.saasable.io/_next/static/media/ef64ecae5e1bff42-s.woff2]
[www.saasable.io/_next/static/media/d1736fc94d1eebee-s.woff2]
[www.saasable.io/_next/static/media/438aa629764e75f3-s.woff2]
[www.saasable.io/_next/static/media/875ae681bfde4580-s.woff2]
[www.saasable.io/_next/static/media/51251f8b9793cdb3-s.woff2]
[www.saasable.io/_next/static/media/e857b654a2caa584-s.woff2]
[www.saasable.io/_next/static/media/cc978ac5ee68c2b6-s.woff2]
[www.saasable.io/_next/static/media/55c55f0601d81cf3-s.woff2]
[www.saasable.io/_next/static/media/26a46d62cd723877-s.woff2]
[www.saasable.io/_next/static/media/97e0cb1ae144a2a9-s.woff2]
[www.saasable.io/_next/static/media/581909926a08bbc8-s.woff2]
[www.saasable.io/_next/static/media/df0a9ae256c0569c-s.woff2]
[www.saasable.io/_next/static/media/8e9860b6e62d6359-s.woff2]
[www.saasable.io/_next/static/css/c1547c68a956d61f.css]
[www.saasable.io/index.html]
[www.saasable.io/_next/static/media/slick.f895cfdf.svg]
